<?xml version="1.0" encoding="UTF-8"?>
<!-- Generated by org.testng.reporters.JUnitReportReporter -->
<testsuite hostname="DESKTOP-VEM0CBI" failures="0" tests="3" name="com.tests.LoginTest" time="1.077" errors="0" timestamp="22 Jul 2024 23:57:23 GMT" skipped="1">
  <testcase classname="com.tests.LoginTest" name="test01" time="1.057"/>
  <testcase classname="com.tests.LoginTest" name="test03" time="0.004">
    <skipped/>
  </testcase> <!-- test03 -->
  <testcase classname="com.tests.LoginTest" name="test02" time="0.016"/>
</testsuite> <!-- com.tests.LoginTest -->
